  AdyacencyMatrix.cpp
  ReadFileAventura.cpp
C:\Users\Cristian Jimenez\Documents\GitHub\taller_2_c-\taller_2\taller_2\ReadFileAventura.cpp(35,56): error C2512: 'AdyacencyMatrix': no hay disponible un constructor predeterminado adecuado
C:\Users\Cristian Jimenez\Documents\GitHub\taller_2_c-\taller_2\taller_2\ReadFileAventura.cpp(35,56): message : 'AdyacencyMatrix::AdyacencyMatrix': no hay disponible un constructor predeterminado adecuado
C:\Users\Cristian Jimenez\Documents\GitHub\taller_2_c-\taller_2\taller_2\ReadFileAventura.cpp(35,56): message : al hacer coincidir la lista de argumentos '()'
C:\Users\Cristian Jimenez\Documents\GitHub\taller_2_c-\taller_2\taller_2\ReadFileAventura.cpp(35,39): error C2512: 'AdyacencyMatrix': no hay disponible un constructor predeterminado adecuado
C:\Users\Cristian Jimenez\Documents\GitHub\taller_2_c-\taller_2\taller_2\AdyacencyMatrix.h(5,7): message : vea la declaración de 'AdyacencyMatrix'
C:\Users\Cristian Jimenez\Documents\GitHub\taller_2_c-\taller_2\taller_2\ReadFileAventura.cpp(42,31): error C2079: 'ss' utiliza class 'std::basic_istringstream<char,std::char_traits<char>,std::allocator<char>>' sin definir
C:\Users\Cristian Jimenez\Documents\GitHub\taller_2_c-\taller_2\taller_2\ReadFileAventura.cpp(42,33): error C2440: 'inicializando': no se puede realizar la conversión de 'std::string' a 'int'
C:\Users\Cristian Jimenez\Documents\GitHub\taller_2_c-\taller_2\taller_2\ReadFileAventura.cpp(42,33): message : No hay disponible ningún operador de conversión definido por el usuario que pueda realizar esta conversión, o bien no se puede llamar al operador
C:\Users\Cristian Jimenez\Documents\GitHub\taller_2_c-\taller_2\taller_2\ReadFileAventura.cpp(45,27): error C2677: '>>' binario: no se encontró un operador global que adopte el tipo 'std::string' (o bien no existe una conversión aceptable)
C:\Program Files\Microsoft Visual Studio\2022\Community\VC\Tools\MSVC\14.37.32822\include\istream(902,9): message : puede ser '_Istr &&std::operator >>(_Istr &&,_Ty &&)'
C:\Users\Cristian Jimenez\Documents\GitHub\taller_2_c-\taller_2\taller_2\ReadFileAventura.cpp(45,24): message : "_Istr &&std::operator >>(_Istr &&,_Ty &&)": no se pudo deducir el argumento plantilla para "__formal"
C:\Program Files\Microsoft Visual Studio\2022\Community\VC\Tools\MSVC\14.37.32822\include\istream(889,31): message : o       'std::basic_istream<char,_Traits> &std::operator >>(std::basic_istream<char,_Traits> &,unsigned char &)'
C:\Users\Cristian Jimenez\Documents\GitHub\taller_2_c-\taller_2\taller_2\ReadFileAventura.cpp(45,24): message : "std::basic_istream<char,_Traits> &std::operator >>(std::basic_istream<char,_Traits> &,unsigned char &)": no se pudo deducir el argumento plantilla para "std::basic_istream<char,_Traits> &" de "int"
C:\Program Files\Microsoft Visual Studio\2022\Community\VC\Tools\MSVC\14.37.32822\include\istream(883,31): message : o       'std::basic_istream<char,_Traits> &std::operator >>(std::basic_istream<char,_Traits> &,signed char &)'
C:\Users\Cristian Jimenez\Documents\GitHub\taller_2_c-\taller_2\taller_2\ReadFileAventura.cpp(45,24): message : "std::basic_istream<char,_Traits> &std::operator >>(std::basic_istream<char,_Traits> &,signed char &)": no se pudo deducir el argumento plantilla para "std::basic_istream<char,_Traits> &" de "int"
C:\Program Files\Microsoft Visual Studio\2022\Community\VC\Tools\MSVC\14.37.32822\include\istream(860,32): message : o       'std::basic_istream<_Elem,_Traits> &std::operator >>(std::basic_istream<_Elem,_Traits> &,_Elem &)'
C:\Users\Cristian Jimenez\Documents\GitHub\taller_2_c-\taller_2\taller_2\ReadFileAventura.cpp(45,24): message : "std::basic_istream<_Elem,_Traits> &std::operator >>(std::basic_istream<_Elem,_Traits> &,_Elem &)": no se pudo deducir el argumento plantilla para "std::basic_istream<_Elem,_Traits> &" de "int"
C:\Program Files\Microsoft Visual Studio\2022\Community\VC\Tools\MSVC\14.37.32822\include\istream(854,31): message : o       'std::basic_istream<char,_Traits> &std::operator >>(std::basic_istream<char,_Traits> &,unsigned char *)'
C:\Users\Cristian Jimenez\Documents\GitHub\taller_2_c-\taller_2\taller_2\ReadFileAventura.cpp(45,24): message : "std::basic_istream<char,_Traits> &std::operator >>(std::basic_istream<char,_Traits> &,unsigned char *)": no se pudo deducir el argumento plantilla para "std::basic_istream<char,_Traits> &" de "int"
C:\Program Files\Microsoft Visual Studio\2022\Community\VC\Tools\MSVC\14.37.32822\include\istream(849,31): message : o       'std::basic_istream<char,_Traits> &std::operator >>(std::basic_istream<char,_Traits> &,signed char *)'
C:\Users\Cristian Jimenez\Documents\GitHub\taller_2_c-\taller_2\taller_2\ReadFileAventura.cpp(45,24): message : "std::basic_istream<char,_Traits> &std::operator >>(std::basic_istream<char,_Traits> &,signed char *)": no se pudo deducir el argumento plantilla para "std::basic_istream<char,_Traits> &" de "int"
C:\Program Files\Microsoft Visual Studio\2022\Community\VC\Tools\MSVC\14.37.32822\include\istream(844,32): message : o       'std::basic_istream<_Elem,_Traits> &std::operator >>(std::basic_istream<_Elem,_Traits> &,_Elem *)'
C:\Users\Cristian Jimenez\Documents\GitHub\taller_2_c-\taller_2\taller_2\ReadFileAventura.cpp(45,24): message : "std::basic_istream<_Elem,_Traits> &std::operator >>(std::basic_istream<_Elem,_Traits> &,_Elem *)": no se pudo deducir el argumento plantilla para "std::basic_istream<_Elem,_Traits> &" de "int"
C:\Program Files\Microsoft Visual Studio\2022\Community\VC\Tools\MSVC\14.37.32822\include\xstring(5136,32): message : o       'std::basic_istream<_Elem,_Traits> &std::operator >>(std::basic_istream<_Elem,_Traits> &,std::basic_string<_Elem,_Traits,_Alloc> &)'
C:\Users\Cristian Jimenez\Documents\GitHub\taller_2_c-\taller_2\taller_2\ReadFileAventura.cpp(45,24): message : "std::basic_istream<_Elem,_Traits> &std::operator >>(std::basic_istream<_Elem,_Traits> &,std::basic_string<_Elem,_Traits,_Alloc> &)": no se pudo deducir el argumento plantilla para "std::basic_istream<_Elem,_Traits> &" de "int"
C:\Users\Cristian Jimenez\Documents\GitHub\taller_2_c-\taller_2\taller_2\ReadFileAventura.cpp(46,35): error C2039: "nodos": no es un miembro de "AdyacencyMatrix"
C:\Users\Cristian Jimenez\Documents\GitHub\taller_2_c-\taller_2\taller_2\AdyacencyMatrix.h(5,7): message : vea la declaración de 'AdyacencyMatrix'
C:\Users\Cristian Jimenez\Documents\GitHub\taller_2_c-\taller_2\taller_2\ReadFileAventura.cpp(51,31): error C2079: 'ss' utiliza class 'std::basic_istringstream<char,std::char_traits<char>,std::allocator<char>>' sin definir
C:\Users\Cristian Jimenez\Documents\GitHub\taller_2_c-\taller_2\taller_2\ReadFileAventura.cpp(51,33): error C2440: 'inicializando': no se puede realizar la conversión de 'std::string' a 'int'
C:\Users\Cristian Jimenez\Documents\GitHub\taller_2_c-\taller_2\taller_2\ReadFileAventura.cpp(51,33): message : No hay disponible ningún operador de conversión definido por el usuario que pueda realizar esta conversión, o bien no se puede llamar al operador
C:\Users\Cristian Jimenez\Documents\GitHub\taller_2_c-\taller_2\taller_2\ReadFileAventura.cpp(53,20): error C2677: '>>' binario: no se encontró un operador global que adopte el tipo 'std::string' (o bien no existe una conversión aceptable)
C:\Program Files\Microsoft Visual Studio\2022\Community\VC\Tools\MSVC\14.37.32822\include\istream(902,9): message : puede ser '_Istr &&std::operator >>(_Istr &&,_Ty &&)'
C:\Users\Cristian Jimenez\Documents\GitHub\taller_2_c-\taller_2\taller_2\ReadFileAventura.cpp(53,17): message : "_Istr &&std::operator >>(_Istr &&,_Ty &&)": no se pudo deducir el argumento plantilla para "__formal"
C:\Program Files\Microsoft Visual Studio\2022\Community\VC\Tools\MSVC\14.37.32822\include\istream(889,31): message : o       'std::basic_istream<char,_Traits> &std::operator >>(std::basic_istream<char,_Traits> &,unsigned char &)'
C:\Users\Cristian Jimenez\Documents\GitHub\taller_2_c-\taller_2\taller_2\ReadFileAventura.cpp(53,17): message : "std::basic_istream<char,_Traits> &std::operator >>(std::basic_istream<char,_Traits> &,unsigned char &)": no se pudo deducir el argumento plantilla para "std::basic_istream<char,_Traits> &" de "int"
C:\Program Files\Microsoft Visual Studio\2022\Community\VC\Tools\MSVC\14.37.32822\include\istream(883,31): message : o       'std::basic_istream<char,_Traits> &std::operator >>(std::basic_istream<char,_Traits> &,signed char &)'
C:\Users\Cristian Jimenez\Documents\GitHub\taller_2_c-\taller_2\taller_2\ReadFileAventura.cpp(53,17): message : "std::basic_istream<char,_Traits> &std::operator >>(std::basic_istream<char,_Traits> &,signed char &)": no se pudo deducir el argumento plantilla para "std::basic_istream<char,_Traits> &" de "int"
C:\Program Files\Microsoft Visual Studio\2022\Community\VC\Tools\MSVC\14.37.32822\include\istream(860,32): message : o       'std::basic_istream<_Elem,_Traits> &std::operator >>(std::basic_istream<_Elem,_Traits> &,_Elem &)'
C:\Users\Cristian Jimenez\Documents\GitHub\taller_2_c-\taller_2\taller_2\ReadFileAventura.cpp(53,17): message : "std::basic_istream<_Elem,_Traits> &std::operator >>(std::basic_istream<_Elem,_Traits> &,_Elem &)": no se pudo deducir el argumento plantilla para "std::basic_istream<_Elem,_Traits> &" de "int"
C:\Program Files\Microsoft Visual Studio\2022\Community\VC\Tools\MSVC\14.37.32822\include\istream(854,31): message : o       'std::basic_istream<char,_Traits> &std::operator >>(std::basic_istream<char,_Traits> &,unsigned char *)'
C:\Users\Cristian Jimenez\Documents\GitHub\taller_2_c-\taller_2\taller_2\ReadFileAventura.cpp(53,17): message : "std::basic_istream<char,_Traits> &std::operator >>(std::basic_istream<char,_Traits> &,unsigned char *)": no se pudo deducir el argumento plantilla para "std::basic_istream<char,_Traits> &" de "int"
C:\Program Files\Microsoft Visual Studio\2022\Community\VC\Tools\MSVC\14.37.32822\include\istream(849,31): message : o       'std::basic_istream<char,_Traits> &std::operator >>(std::basic_istream<char,_Traits> &,signed char *)'
C:\Users\Cristian Jimenez\Documents\GitHub\taller_2_c-\taller_2\taller_2\ReadFileAventura.cpp(53,17): message : "std::basic_istream<char,_Traits> &std::operator >>(std::basic_istream<char,_Traits> &,signed char *)": no se pudo deducir el argumento plantilla para "std::basic_istream<char,_Traits> &" de "int"
C:\Program Files\Microsoft Visual Studio\2022\Community\VC\Tools\MSVC\14.37.32822\include\istream(844,32): message : o       'std::basic_istream<_Elem,_Traits> &std::operator >>(std::basic_istream<_Elem,_Traits> &,_Elem *)'
C:\Users\Cristian Jimenez\Documents\GitHub\taller_2_c-\taller_2\taller_2\ReadFileAventura.cpp(53,17): message : "std::basic_istream<_Elem,_Traits> &std::operator >>(std::basic_istream<_Elem,_Traits> &,_Elem *)": no se pudo deducir el argumento plantilla para "std::basic_istream<_Elem,_Traits> &" de "int"
C:\Program Files\Microsoft Visual Studio\2022\Community\VC\Tools\MSVC\14.37.32822\include\xstring(5136,32): message : o       'std::basic_istream<_Elem,_Traits> &std::operator >>(std::basic_istream<_Elem,_Traits> &,std::basic_string<_Elem,_Traits,_Alloc> &)'
C:\Users\Cristian Jimenez\Documents\GitHub\taller_2_c-\taller_2\taller_2\ReadFileAventura.cpp(53,17): message : "std::basic_istream<_Elem,_Traits> &std::operator >>(std::basic_istream<_Elem,_Traits> &,std::basic_string<_Elem,_Traits,_Alloc> &)": no se pudo deducir el argumento plantilla para "std::basic_istream<_Elem,_Traits> &" de "int"
C:\Users\Cristian Jimenez\Documents\GitHub\taller_2_c-\taller_2\taller_2\ReadFileAventura.cpp(56,57): error C2039: "nodos": no es un miembro de "AdyacencyMatrix"
C:\Users\Cristian Jimenez\Documents\GitHub\taller_2_c-\taller_2\taller_2\AdyacencyMatrix.h(5,7): message : vea la declaración de 'AdyacencyMatrix'
C:\Users\Cristian Jimenez\Documents\GitHub\taller_2_c-\taller_2\taller_2\ReadFileAventura.cpp(56,35): error C3078: se debe especificar el tamaño de la matriz en nuevas expresiones sin un inicializador
C:\Users\Cristian Jimenez\Documents\GitHub\taller_2_c-\taller_2\taller_2\ReadFileAventura.cpp(64,31): error C2039: "distancias": no es un miembro de "AdyacencyMatrix"
C:\Users\Cristian Jimenez\Documents\GitHub\taller_2_c-\taller_2\taller_2\AdyacencyMatrix.h(5,7): message : vea la declaración de 'AdyacencyMatrix'
C:\Users\Cristian Jimenez\Documents\GitHub\taller_2_c-\taller_2\taller_2\ReadFileAventura.cpp(69,31): error C2039: "entrada": no es un miembro de "AdyacencyMatrix"
C:\Users\Cristian Jimenez\Documents\GitHub\taller_2_c-\taller_2\taller_2\AdyacencyMatrix.h(5,7): message : vea la declaración de 'AdyacencyMatrix'
C:\Users\Cristian Jimenez\Documents\GitHub\taller_2_c-\taller_2\taller_2\ReadFileAventura.cpp(70,31): error C2039: "salida": no es un miembro de "AdyacencyMatrix"
C:\Users\Cristian Jimenez\Documents\GitHub\taller_2_c-\taller_2\taller_2\AdyacencyMatrix.h(5,7): message : vea la declaración de 'AdyacencyMatrix'
C:\Users\Cristian Jimenez\Documents\GitHub\taller_2_c-\taller_2\taller_2\ReadFileAventura.cpp(74,48): error C2512: 'AdyacencyMatrix': no hay disponible un constructor predeterminado adecuado
C:\Users\Cristian Jimenez\Documents\GitHub\taller_2_c-\taller_2\taller_2\ReadFileAventura.cpp(74,48): message : 'AdyacencyMatrix::AdyacencyMatrix': no hay disponible un constructor predeterminado adecuado
C:\Users\Cristian Jimenez\Documents\GitHub\taller_2_c-\taller_2\taller_2\ReadFileAventura.cpp(74,48): message : al hacer coincidir la lista de argumentos '()'
  System.cpp
  Generando código...
